<?xml version="1.0" encoding="UTF-8"?>
<coverage generated="1765490345517" clover="3.2.0">
  <project timestamp="1765490345518" name="All files">
    <metrics statements="42" coveredstatements="39" conditionals="36" coveredconditionals="26" methods="20" coveredmethods="17" elements="98" coveredelements="82" complexity="0" loc="42" ncloc="42" packages="2" files="7" classes="7"/>
    <package name="components">
      <metrics statements="16" coveredstatements="16" conditionals="26" coveredconditionals="18" methods="6" coveredmethods="6"/>
      <file name="Button.jsx" path="C:\Desarrollo de App\FrontendII\recetapps\recetapps\src\components\Button.jsx">
        <metrics statements="4" coveredstatements="4" conditionals="3" coveredconditionals="1" methods="1" coveredmethods="1"/>
        <line num="3" count="2" type="cond" truecount="1" falsecount="2"/>
        <line num="5" count="22" type="stmt"/>
        <line num="8" count="22" type="stmt"/>
        <line num="14" count="22" type="stmt"/>
      </file>
      <file name="Card.jsx" path="C:\Desarrollo de App\FrontendII\recetapps\recetapps\src\components\Card.jsx">
        <metrics statements="2" coveredstatements="2" conditionals="1" coveredconditionals="0" methods="1" coveredmethods="1"/>
        <line num="3" count="2" type="cond" truecount="0" falsecount="1"/>
        <line num="4" count="12" type="stmt"/>
      </file>
      <file name="Input.jsx" path="C:\Desarrollo de App\FrontendII\recetapps\recetapps\src\components\Input.jsx">
        <metrics statements="3" coveredstatements="3" conditionals="8" coveredconditionals="6" methods="1" coveredmethods="1"/>
        <line num="3" count="1" type="stmt"/>
        <line num="5" count="66" type="cond" truecount="2" falsecount="0"/>
        <line num="7" count="66" type="stmt"/>
      </file>
      <file name="Select.jsx" path="C:\Desarrollo de App\FrontendII\recetapps\recetapps\src\components\Select.jsx">
        <metrics statements="4" coveredstatements="4" conditionals="6" coveredconditionals="5" methods="2" coveredmethods="2"/>
        <line num="3" count="1" type="stmt"/>
        <line num="4" count="20" type="cond" truecount="2" falsecount="0"/>
        <line num="6" count="20" type="stmt"/>
        <line num="24" count="60" type="stmt"/>
      </file>
      <file name="TextArea.jsx" path="C:\Desarrollo de App\FrontendII\recetapps\recetapps\src\components\TextArea.jsx">
        <metrics statements="3" coveredstatements="3" conditionals="8" coveredconditionals="6" methods="1" coveredmethods="1"/>
        <line num="3" count="1" type="stmt"/>
        <line num="4" count="10" type="cond" truecount="2" falsecount="0"/>
        <line num="6" count="10" type="stmt"/>
      </file>
    </package>
    <package name="features.recipes.components">
      <metrics statements="26" coveredstatements="23" conditionals="10" coveredconditionals="8" methods="14" coveredmethods="11"/>
      <file name="RecipeForm.jsx" path="C:\Desarrollo de App\FrontendII\recetapps\recetapps\src\features\recipes\components\RecipeForm.jsx">
        <metrics statements="23" coveredstatements="20" conditionals="4" coveredconditionals="3" methods="12" coveredmethods="9"/>
        <line num="8" count="1" type="stmt"/>
        <line num="10" count="10" type="stmt"/>
        <line num="21" count="10" type="stmt"/>
        <line num="26" count="10" type="stmt"/>
        <line num="27" count="4" type="stmt"/>
        <line num="28" count="4" type="stmt"/>
        <line num="32" count="10" type="stmt"/>
        <line num="33" count="4" type="stmt"/>
        <line num="34" count="4" type="stmt"/>
        <line num="35" count="4" type="stmt"/>
        <line num="39" count="10" type="stmt"/>
        <line num="40" count="1" type="stmt"/>
        <line num="44" count="10" type="stmt"/>
        <line num="45" count="0" type="stmt"/>
        <line num="46" count="0" type="stmt"/>
        <line num="49" count="10" type="stmt"/>
        <line num="50" count="1" type="stmt"/>
        <line num="52" count="1" type="stmt"/>
        <line num="55" count="10" type="stmt"/>
        <line num="108" count="13" type="stmt"/>
        <line num="113" count="2" type="stmt"/>
        <line num="121" count="2" type="stmt"/>
        <line num="128" count="0" type="stmt"/>
      </file>
      <file name="RecipeList.jsx" path="C:\Desarrollo de App\FrontendII\recetapps\recetapps\src\features\recipes\components\RecipeList.jsx">
        <metrics statements="3" coveredstatements="3" conditionals="6" coveredconditionals="5" methods="2" coveredmethods="2"/>
        <line num="6" count="1" type="stmt"/>
        <line num="7" count="1" type="stmt"/>
        <line num="10" count="2" type="stmt"/>
      </file>
    </package>
  </project>
</coverage>
