{"C:\\Desarrollo de App\\FrontendII\\recetapps\\recetapps\\src\\components\\Button.jsx": {"path":"C:\\Desarrollo de App\\FrontendII\\recetapps\\recetapps\\src\\components\\Button.jsx","statementMap":{"0":{"start":{"line":3,"column":15},"end":{"line":23,"column":1}},"1":{"start":{"line":5,"column":23},"end":{"line":5,"column":142}},"2":{"start":{"line":8,"column":21},"end":{"line":12,"column":5}},"3":{"start":{"line":14,"column":4},"end":{"line":22,"column":6}}},"fnMap":{"0":{"name":"(anonymous_0)","decl":{"start":{"line":3,"column":15},"end":{"line":3,"column":16}},"loc":{"start":{"line":3,"column":96},"end":{"line":23,"column":1}},"line":3}},"branchMap":{"0":{"loc":{"start":{"line":3,"column":37},"end":{"line":3,"column":52}},"type":"default-arg","locations":[{"start":{"line":3,"column":44},"end":{"line":3,"column":52}}],"line":3},"1":{"loc":{"start":{"line":3,"column":54},"end":{"line":3,"column":73}},"type":"default-arg","locations":[{"start":{"line":3,"column":64},"end":{"line":3,"column":73}}],"line":3},"2":{"loc":{"start":{"line":3,"column":75},"end":{"line":3,"column":89}},"type":"default-arg","locations":[{"start":{"line":3,"column":87},"end":{"line":3,"column":89}}],"line":3}},"s":{"0":2,"1":22,"2":22,"3":22},"f":{"0":22},"b":{"0":[2],"1":[0],"2":[0]},"_coverageSchema":"1a1c01bbd47fc00a2c39e90264f33305004495a9","hash":"5619751ef484795c24d5786f4643e091bf86e44e"}
,"C:\\Desarrollo de App\\FrontendII\\recetapps\\recetapps\\src\\components\\Card.jsx": {"path":"C:\\Desarrollo de App\\FrontendII\\recetapps\\recetapps\\src\\components\\Card.jsx","statementMap":{"0":{"start":{"line":3,"column":13},"end":{"line":9,"column":1}},"1":{"start":{"line":4,"column":4},"end":{"line":8,"column":6}}},"fnMap":{"0":{"name":"(anonymous_0)","decl":{"start":{"line":3,"column":13},"end":{"line":3,"column":14}},"loc":{"start":{"line":3,"column":47},"end":{"line":9,"column":1}},"line":3}},"branchMap":{"0":{"loc":{"start":{"line":3,"column":26},"end":{"line":3,"column":40}},"type":"default-arg","locations":[{"start":{"line":3,"column":38},"end":{"line":3,"column":40}}],"line":3}},"s":{"0":2,"1":12},"f":{"0":12},"b":{"0":[0]},"_coverageSchema":"1a1c01bbd47fc00a2c39e90264f33305004495a9","hash":"908735f9a1e8c618aeb87c24cf346226faacdfb2"}
,"C:\\Desarrollo de App\\FrontendII\\recetapps\\recetapps\\src\\components\\Input.jsx": {"path":"C:\\Desarrollo de App\\FrontendII\\recetapps\\recetapps\\src\\components\\Input.jsx","statementMap":{"0":{"start":{"line":3,"column":14},"end":{"line":27,"column":1}},"1":{"start":{"line":5,"column":20},"end":{"line":5,"column":36}},"2":{"start":{"line":7,"column":4},"end":{"line":26,"column":6}}},"fnMap":{"0":{"name":"(anonymous_0)","decl":{"start":{"line":3,"column":14},"end":{"line":3,"column":15}},"loc":{"start":{"line":3,"column":52},"end":{"line":27,"column":1}},"line":3}},"branchMap":{"0":{"loc":{"start":{"line":5,"column":20},"end":{"line":5,"column":36}},"type":"binary-expr","locations":[{"start":{"line":5,"column":20},"end":{"line":5,"column":28}},{"start":{"line":5,"column":32},"end":{"line":5,"column":36}}],"line":5},"1":{"loc":{"start":{"line":9,"column":13},"end":{"line":16,"column":13}},"type":"binary-expr","locations":[{"start":{"line":9,"column":13},"end":{"line":9,"column":18}},{"start":{"line":10,"column":16},"end":{"line":15,"column":24}}],"line":9},"2":{"loc":{"start":{"line":20,"column":127},"end":{"line":20,"column":171}},"type":"cond-expr","locations":[{"start":{"line":20,"column":135},"end":{"line":20,"column":151}},{"start":{"line":20,"column":154},"end":{"line":20,"column":171}}],"line":20},"3":{"loc":{"start":{"line":24,"column":13},"end":{"line":24,"column":74}},"type":"binary-expr","locations":[{"start":{"line":24,"column":13},"end":{"line":24,"column":18}},{"start":{"line":24,"column":22},"end":{"line":24,"column":74}}],"line":24}},"s":{"0":1,"1":66,"2":66},"f":{"0":66},"b":{"0":[66,66],"1":[66,40],"2":[0,66],"3":[66,0]},"_coverageSchema":"1a1c01bbd47fc00a2c39e90264f33305004495a9","hash":"50ccb745e278d00434ec8e61cb528cc1e312039a"}
,"C:\\Desarrollo de App\\FrontendII\\recetapps\\recetapps\\src\\components\\Select.jsx": {"path":"C:\\Desarrollo de App\\FrontendII\\recetapps\\recetapps\\src\\components\\Select.jsx","statementMap":{"0":{"start":{"line":3,"column":15},"end":{"line":31,"column":1}},"1":{"start":{"line":4,"column":20},"end":{"line":4,"column":36}},"2":{"start":{"line":6,"column":4},"end":{"line":30,"column":6}},"3":{"start":{"line":24,"column":20},"end":{"line":26,"column":29}}},"fnMap":{"0":{"name":"(anonymous_0)","decl":{"start":{"line":3,"column":15},"end":{"line":3,"column":16}},"loc":{"start":{"line":3,"column":62},"end":{"line":31,"column":1}},"line":3},"1":{"name":"(anonymous_1)","decl":{"start":{"line":23,"column":29},"end":{"line":23,"column":30}},"loc":{"start":{"line":24,"column":20},"end":{"line":26,"column":29}},"line":24}},"branchMap":{"0":{"loc":{"start":{"line":4,"column":20},"end":{"line":4,"column":36}},"type":"binary-expr","locations":[{"start":{"line":4,"column":20},"end":{"line":4,"column":28}},{"start":{"line":4,"column":32},"end":{"line":4,"column":36}}],"line":4},"1":{"loc":{"start":{"line":8,"column":13},"end":{"line":15,"column":13}},"type":"binary-expr","locations":[{"start":{"line":8,"column":13},"end":{"line":8,"column":18}},{"start":{"line":9,"column":16},"end":{"line":14,"column":24}}],"line":8},"2":{"loc":{"start":{"line":19,"column":136},"end":{"line":19,"column":180}},"type":"cond-expr","locations":[{"start":{"line":19,"column":144},"end":{"line":19,"column":160}},{"start":{"line":19,"column":163},"end":{"line":19,"column":180}}],"line":19}},"s":{"0":1,"1":20,"2":20,"3":60},"f":{"0":20,"1":60},"b":{"0":[20,20],"1":[20,20],"2":[0,20]},"_coverageSchema":"1a1c01bbd47fc00a2c39e90264f33305004495a9","hash":"7a6e70e17f0f8fd75fb19eb3b030932aa089bcd8"}
,"C:\\Desarrollo de App\\FrontendII\\recetapps\\recetapps\\src\\components\\TextArea.jsx": {"path":"C:\\Desarrollo de App\\FrontendII\\recetapps\\recetapps\\src\\components\\TextArea.jsx","statementMap":{"0":{"start":{"line":3,"column":17},"end":{"line":26,"column":1}},"1":{"start":{"line":4,"column":20},"end":{"line":4,"column":36}},"2":{"start":{"line":6,"column":4},"end":{"line":25,"column":6}}},"fnMap":{"0":{"name":"(anonymous_0)","decl":{"start":{"line":3,"column":17},"end":{"line":3,"column":18}},"loc":{"start":{"line":3,"column":55},"end":{"line":26,"column":1}},"line":3}},"branchMap":{"0":{"loc":{"start":{"line":4,"column":20},"end":{"line":4,"column":36}},"type":"binary-expr","locations":[{"start":{"line":4,"column":20},"end":{"line":4,"column":28}},{"start":{"line":4,"column":32},"end":{"line":4,"column":36}}],"line":4},"1":{"loc":{"start":{"line":8,"column":13},"end":{"line":15,"column":13}},"type":"binary-expr","locations":[{"start":{"line":8,"column":13},"end":{"line":8,"column":18}},{"start":{"line":9,"column":16},"end":{"line":14,"column":24}}],"line":8},"2":{"loc":{"start":{"line":19,"column":141},"end":{"line":19,"column":185}},"type":"cond-expr","locations":[{"start":{"line":19,"column":149},"end":{"line":19,"column":165}},{"start":{"line":19,"column":168},"end":{"line":19,"column":185}}],"line":19},"3":{"loc":{"start":{"line":23,"column":13},"end":{"line":23,"column":74}},"type":"binary-expr","locations":[{"start":{"line":23,"column":13},"end":{"line":23,"column":18}},{"start":{"line":23,"column":22},"end":{"line":23,"column":74}}],"line":23}},"s":{"0":1,"1":10,"2":10},"f":{"0":10},"b":{"0":[10,10],"1":[10,10],"2":[0,10],"3":[10,0]},"_coverageSchema":"1a1c01bbd47fc00a2c39e90264f33305004495a9","hash":"1e519c1b7d29ab58eeeffc4a6e889192dc07a3fd"}
,"C:\\Desarrollo de App\\FrontendII\\recetapps\\recetapps\\src\\features\\recipes\\components\\RecipeForm.jsx": {"path":"C:\\Desarrollo de App\\FrontendII\\recetapps\\recetapps\\src\\features\\recipes\\components\\RecipeForm.jsx","statementMap":{"0":{"start":{"line":8,"column":19},"end":{"line":151,"column":1}},"1":{"start":{"line":10,"column":36},"end":{"line":18,"column":6}},"2":{"start":{"line":21,"column":42},"end":{"line":23,"column":6}},"3":{"start":{"line":26,"column":25},"end":{"line":29,"column":5}},"4":{"start":{"line":27,"column":32},"end":{"line":27,"column":40}},"5":{"start":{"line":28,"column":8},"end":{"line":28,"column":58}},"6":{"start":{"line":28,"column":29},"end":{"line":28,"column":55}},"7":{"start":{"line":32,"column":35},"end":{"line":36,"column":5}},"8":{"start":{"line":33,"column":31},"end":{"line":33,"column":47}},"9":{"start":{"line":34,"column":8},"end":{"line":34,"column":45}},"10":{"start":{"line":35,"column":8},"end":{"line":35,"column":39}},"11":{"start":{"line":39,"column":26},"end":{"line":41,"column":5}},"12":{"start":{"line":40,"column":8},"end":{"line":40,"column":69}},"13":{"start":{"line":44,"column":29},"end":{"line":47,"column":5}},"14":{"start":{"line":45,"column":31},"end":{"line":45,"column":72}},"15":{"start":{"line":45,"column":60},"end":{"line":45,"column":71}},"16":{"start":{"line":46,"column":8},"end":{"line":46,"column":39}},"17":{"start":{"line":49,"column":25},"end":{"line":53,"column":5}},"18":{"start":{"line":50,"column":8},"end":{"line":50,"column":27}},"19":{"start":{"line":52,"column":8},"end":{"line":52,"column":47}},"20":{"start":{"line":55,"column":4},"end":{"line":150,"column":6}},"21":{"start":{"line":108,"column":24},"end":{"line":134,"column":30}},"22":{"start":{"line":113,"column":53},"end":{"line":113,"column":106}},"23":{"start":{"line":121,"column":53},"end":{"line":121,"column":110}},"24":{"start":{"line":128,"column":51},"end":{"line":128,"column":74}}},"fnMap":{"0":{"name":"(anonymous_0)","decl":{"start":{"line":8,"column":19},"end":{"line":8,"column":20}},"loc":{"start":{"line":8,"column":48},"end":{"line":151,"column":1}},"line":8},"1":{"name":"(anonymous_1)","decl":{"start":{"line":26,"column":25},"end":{"line":26,"column":26}},"loc":{"start":{"line":26,"column":32},"end":{"line":29,"column":5}},"line":26},"2":{"name":"(anonymous_2)","decl":{"start":{"line":28,"column":20},"end":{"line":28,"column":21}},"loc":{"start":{"line":28,"column":29},"end":{"line":28,"column":55}},"line":28},"3":{"name":"(anonymous_3)","decl":{"start":{"line":32,"column":35},"end":{"line":32,"column":36}},"loc":{"start":{"line":32,"column":60},"end":{"line":36,"column":5}},"line":32},"4":{"name":"(anonymous_4)","decl":{"start":{"line":39,"column":26},"end":{"line":39,"column":27}},"loc":{"start":{"line":39,"column":32},"end":{"line":41,"column":5}},"line":39},"5":{"name":"(anonymous_5)","decl":{"start":{"line":44,"column":29},"end":{"line":44,"column":30}},"loc":{"start":{"line":44,"column":40},"end":{"line":47,"column":5}},"line":44},"6":{"name":"(anonymous_6)","decl":{"start":{"line":45,"column":50},"end":{"line":45,"column":51}},"loc":{"start":{"line":45,"column":60},"end":{"line":45,"column":71}},"line":45},"7":{"name":"(anonymous_7)","decl":{"start":{"line":49,"column":25},"end":{"line":49,"column":26}},"loc":{"start":{"line":49,"column":32},"end":{"line":53,"column":5}},"line":49},"8":{"name":"(anonymous_8)","decl":{"start":{"line":107,"column":37},"end":{"line":107,"column":38}},"loc":{"start":{"line":108,"column":24},"end":{"line":134,"column":30}},"line":108},"9":{"name":"(anonymous_9)","decl":{"start":{"line":113,"column":46},"end":{"line":113,"column":47}},"loc":{"start":{"line":113,"column":53},"end":{"line":113,"column":106}},"line":113},"10":{"name":"(anonymous_10)","decl":{"start":{"line":121,"column":46},"end":{"line":121,"column":47}},"loc":{"start":{"line":121,"column":53},"end":{"line":121,"column":110}},"line":121},"11":{"name":"(anonymous_11)","decl":{"start":{"line":128,"column":45},"end":{"line":128,"column":46}},"loc":{"start":{"line":128,"column":51},"end":{"line":128,"column":74}},"line":128}},"branchMap":{"0":{"loc":{"start":{"line":125,"column":29},"end":{"line":133,"column":29}},"type":"binary-expr","locations":[{"start":{"line":125,"column":29},"end":{"line":125,"column":51}},{"start":{"line":126,"column":32},"end":{"line":132,"column":41}}],"line":125},"1":{"loc":{"start":{"line":145,"column":25},"end":{"line":145,"column":70}},"type":"cond-expr","locations":[{"start":{"line":145,"column":37},"end":{"line":145,"column":51}},{"start":{"line":145,"column":54},"end":{"line":145,"column":70}}],"line":145}},"s":{"0":1,"1":10,"2":10,"3":10,"4":4,"5":4,"6":4,"7":10,"8":4,"9":4,"10":4,"11":10,"12":1,"13":10,"14":0,"15":0,"16":0,"17":10,"18":1,"19":1,"20":10,"21":13,"22":2,"23":2,"24":0},"f":{"0":10,"1":4,"2":4,"3":4,"4":1,"5":0,"6":0,"7":1,"8":13,"9":2,"10":2,"11":0},"b":{"0":[13,6],"1":[0,10]},"_coverageSchema":"1a1c01bbd47fc00a2c39e90264f33305004495a9","hash":"eb9d07aba7723bcbb976231aa0305d3587473f41"}
,"C:\\Desarrollo de App\\FrontendII\\recetapps\\recetapps\\src\\features\\recipes\\components\\RecipeList.jsx": {"path":"C:\\Desarrollo de App\\FrontendII\\recetapps\\recetapps\\src\\features\\recipes\\components\\RecipeList.jsx","statementMap":{"0":{"start":{"line":6,"column":19},"end":{"line":49,"column":1}},"1":{"start":{"line":7,"column":4},"end":{"line":48,"column":6}},"2":{"start":{"line":10,"column":16},"end":{"line":45,"column":23}}},"fnMap":{"0":{"name":"(anonymous_0)","decl":{"start":{"line":6,"column":19},"end":{"line":6,"column":20}},"loc":{"start":{"line":6,"column":36},"end":{"line":49,"column":1}},"line":6},"1":{"name":"(anonymous_1)","decl":{"start":{"line":9,"column":25},"end":{"line":9,"column":26}},"loc":{"start":{"line":10,"column":16},"end":{"line":45,"column":23}},"line":10}},"branchMap":{"0":{"loc":{"start":{"line":14,"column":33},"end":{"line":14,"column":95}},"type":"binary-expr","locations":[{"start":{"line":14,"column":33},"end":{"line":14,"column":45}},{"start":{"line":14,"column":49},"end":{"line":14,"column":95}}],"line":14},"1":{"loc":{"start":{"line":24,"column":89},"end":{"line":26,"column":61}},"type":"cond-expr","locations":[{"start":{"line":24,"column":121},"end":{"line":24,"column":150}},{"start":{"line":25,"column":32},"end":{"line":26,"column":61}}],"line":24},"2":{"loc":{"start":{"line":25,"column":32},"end":{"line":26,"column":61}},"type":"cond-expr","locations":[{"start":{"line":25,"column":64},"end":{"line":25,"column":95}},{"start":{"line":26,"column":36},"end":{"line":26,"column":61}}],"line":25}},"s":{"0":1,"1":1,"2":2},"f":{"0":1,"1":2},"b":{"0":[2,2],"1":[1,1],"2":[1,0]},"_coverageSchema":"1a1c01bbd47fc00a2c39e90264f33305004495a9","hash":"d89da1edbb1fbe8fa80513cd0c2ce16330f9f2d6"}
}
