TN:
SF:src\components\Button.jsx
FN:3,(anonymous_0)
FNF:1
FNH:1
FNDA:22,(anonymous_0)
DA:3,2
DA:5,22
DA:8,22
DA:14,22
LF:4
LH:4
BRDA:3,0,0,2
BRDA:3,1,0,0
BRDA:3,2,0,0
BRF:3
BRH:1
end_of_record
TN:
SF:src\components\Card.jsx
FN:3,(anonymous_0)
FNF:1
FNH:1
FNDA:12,(anonymous_0)
DA:3,2
DA:4,12
LF:2
LH:2
BRDA:3,0,0,0
BRF:1
BRH:0
end_of_record
TN:
SF:src\components\Input.jsx
FN:3,(anonymous_0)
FNF:1
FNH:1
FNDA:66,(anonymous_0)
DA:3,1
DA:5,66
DA:7,66
LF:3
LH:3
BRDA:5,0,0,66
BRDA:5,0,1,66
BRDA:9,1,0,66
BRDA:9,1,1,40
BRDA:20,2,0,0
BRDA:20,2,1,66
BRDA:24,3,0,66
BRDA:24,3,1,0
BRF:8
BRH:6
end_of_record
TN:
SF:src\components\Select.jsx
FN:3,(anonymous_0)
FN:23,(anonymous_1)
FNF:2
FNH:2
FNDA:20,(anonymous_0)
FNDA:60,(anonymous_1)
DA:3,1
DA:4,20
DA:6,20
DA:24,60
LF:4
LH:4
BRDA:4,0,0,20
BRDA:4,0,1,20
BRDA:8,1,0,20
BRDA:8,1,1,20
BRDA:19,2,0,0
BRDA:19,2,1,20
BRF:6
BRH:5
end_of_record
TN:
SF:src\components\TextArea.jsx
FN:3,(anonymous_0)
FNF:1
FNH:1
FNDA:10,(anonymous_0)
DA:3,1
DA:4,10
DA:6,10
LF:3
LH:3
BRDA:4,0,0,10
BRDA:4,0,1,10
BRDA:8,1,0,10
BRDA:8,1,1,10
BRDA:19,2,0,0
BRDA:19,2,1,10
BRDA:23,3,0,10
BRDA:23,3,1,0
BRF:8
BRH:6
end_of_record
TN:
SF:src\features\recipes\components\RecipeForm.jsx
FN:8,(anonymous_0)
FN:26,(anonymous_1)
FN:28,(anonymous_2)
FN:32,(anonymous_3)
FN:39,(anonymous_4)
FN:44,(anonymous_5)
FN:45,(anonymous_6)
FN:49,(anonymous_7)
FN:107,(anonymous_8)
FN:113,(anonymous_9)
FN:121,(anonymous_10)
FN:128,(anonymous_11)
FNF:12
FNH:9
FNDA:10,(anonymous_0)
FNDA:4,(anonymous_1)
FNDA:4,(anonymous_2)
FNDA:4,(anonymous_3)
FNDA:1,(anonymous_4)
FNDA:0,(anonymous_5)
FNDA:0,(anonymous_6)
FNDA:1,(anonymous_7)
FNDA:13,(anonymous_8)
FNDA:2,(anonymous_9)
FNDA:2,(anonymous_10)
FNDA:0,(anonymous_11)
DA:8,1
DA:10,10
DA:21,10
DA:26,10
DA:27,4
DA:28,4
DA:32,10
DA:33,4
DA:34,4
DA:35,4
DA:39,10
DA:40,1
DA:44,10
DA:45,0
DA:46,0
DA:49,10
DA:50,1
DA:52,1
DA:55,10
DA:108,13
DA:113,2
DA:121,2
DA:128,0
LF:23
LH:20
BRDA:125,0,0,13
BRDA:125,0,1,6
BRDA:145,1,0,0
BRDA:145,1,1,10
BRF:4
BRH:3
end_of_record
TN:
SF:src\features\recipes\components\RecipeList.jsx
FN:6,(anonymous_0)
FN:9,(anonymous_1)
FNF:2
FNH:2
FNDA:1,(anonymous_0)
FNDA:2,(anonymous_1)
DA:6,1
DA:7,1
DA:10,2
LF:3
LH:3
BRDA:14,0,0,2
BRDA:14,0,1,2
BRDA:24,1,0,1
BRDA:24,1,1,1
BRDA:25,2,0,1
BRDA:25,2,1,0
BRF:6
BRH:5
end_of_record
